[2018-08-03 11:40:22] START
[2018-08-03 12:36:06] CREATE basics.py: 0
[2018-08-03 12:37:11] EDIT pluralsight/controllers/basics.py: 3
[2018-08-03 12:37:40] CREATE basics/helloworld.html: 0
[2018-08-03 12:38:21] EDIT pluralsight/views/basics/helloworld.html: 0
[2018-08-03 12:38:50] EDIT pluralsight/views/basics/helloworld.html: 2
[2018-08-03 12:39:34] EDIT pluralsight/controllers/basics.py: 1
[2018-08-03 12:39:37] EDIT pluralsight/controllers/basics.py: 0
[2018-08-03 12:39:50] EDIT pluralsight/controllers/basics.py: 0
[2018-08-03 12:39:58] EDIT pluralsight/controllers/basics.py: 0
[2018-08-03 12:42:23] EDIT pluralsight/controllers/basics.py: 5
[2018-08-03 12:42:43] CREATE basics/reques_args.html: 0
[2018-08-03 12:43:05] EDIT pluralsight/views/basics/reques_args.html: 3
[2018-08-03 12:45:17] EDIT pluralsight/controllers/basics.py: 8
[2018-08-03 12:45:31] CREATE basics/request_vars.html: 0
[2018-08-03 12:47:31] EDIT pluralsight/views/basics/request_vars.html: 7
[2018-08-03 12:47:52] EDIT pluralsight/views/basics/request_vars.html: 1
[2018-08-03 12:47:57] EDIT pluralsight/views/basics/request_vars.html: 0
[2018-08-03 12:48:30] EDIT pluralsight/controllers/basics.py: 1
[2018-08-03 12:48:53] EDIT pluralsight/views/basics/request_vars.html: 0
[2018-08-03 12:49:28] EDIT pluralsight/views/basics/request_vars.html: 2
[2018-08-03 12:50:36] EDIT pluralsight/controllers/basics.py: 10
[2018-08-03 12:50:50] CREATE basics/request_object.html: 0
[2018-08-03 12:51:21] EDIT pluralsight/views/basics/reques_args.html: 0
[2018-08-03 12:51:26] EDIT pluralsight/views/basics/reques_args.html: 0
[2018-08-03 12:53:17] EDIT pluralsight/views/basics/request_object.html: 33
[2018-08-03 12:53:24] EDIT pluralsight/views/basics/request_object.html: 0
[2018-08-03 12:53:34] EDIT pluralsight/views/basics/request_object.html: 0
[2018-08-03 12:53:47] EDIT pluralsight/views/basics/request_object.html: 0
[2018-08-03 12:54:06] EDIT pluralsight/controllers/basics.py: 0
[2018-08-03 13:35:01] EDIT pluralsight/views/basics/request_args.html: 0
[2018-08-03 13:55:13] EDIT pluralsight/views/default/index.html: 4
[2018-08-03 13:55:35] EDIT pluralsight/views/default/index.html: 0
[2018-08-03 13:56:01] EDIT pluralsight/views/default/index.html: 0
[2018-08-03 13:57:02] EDIT pluralsight/controllers/basics.py: 1
[2018-08-03 13:57:34] EDIT pluralsight/views/default/index.html: 0
[2018-08-03 13:58:05] EDIT pluralsight/views/default/index.html: 0
[2018-08-03 13:58:20] EDIT pluralsight/views/default/index.html: 0
[2018-08-03 14:02:09] EDIT pluralsight/views/basics/request_vars.html: 0
[2018-08-03 14:02:30] EDIT pluralsight/views/basics/request_vars.html: 0
[2018-08-03 14:10:27] EDIT pluralsight/controllers/basics.py: 8
[2018-08-03 14:12:16] CREATE basics/random_number.html: 0
[2018-08-03 14:12:44] EDIT pluralsight/views/basics/random_number.html: 1
[2018-08-03 14:13:37] EDIT pluralsight/views/basics/random_number.html: 6
[2018-08-03 14:15:05] EDIT pluralsight/controllers/basics.py: 5
[2018-08-03 14:15:56] EDIT pluralsight/controllers/basics.py: 3
[2018-08-03 14:19:11] EDIT pluralsight/controllers/basics.py: 0
[2018-08-03 14:19:24] EDIT pluralsight/views/basics/random_number.html: 0
[2018-08-03 14:20:20] EDIT pluralsight/views/default/index.html: 1
[2018-08-03 14:20:25] EDIT pluralsight/views/default/index.html: 0
[2018-08-03 14:20:41] EDIT pluralsight/views/basics/random_number.html: 0
[2018-08-03 14:21:56] EDIT pluralsight/controllers/basics.py: -4
[2018-08-03 14:24:20] EDIT pluralsight/controllers/basics.py: 0
[2018-08-03 14:25:11] EDIT pluralsight/controllers/basics.py: 0
[2018-08-03 14:25:34] EDIT pluralsight/controllers/basics.py: 1
[2018-08-03 14:26:17] EDIT pluralsight/controllers/basics.py: 0
[2018-08-03 14:35:13] EDIT pluralsight/views/default/index.html: 47
[2018-08-03 14:35:28] EDIT pluralsight/views/default/index.html: 12
[2018-08-03 14:36:21] EDIT pluralsight/views/default/index.html: -6
[2018-08-03 14:36:27] EDIT pluralsight/views/default/index.html: -7
[2018-08-03 14:36:31] EDIT pluralsight/views/default/index.html: 0
[2018-08-03 14:36:58] EDIT pluralsight/views/default/index.html: -25
[2018-08-03 14:37:01] EDIT pluralsight/views/default/index.html: 0
[2018-08-03 14:37:59] EDIT pluralsight/views/default/index.html: -1
[2018-08-03 14:38:36] EDIT pluralsight/views/default/index.html: 0
[2018-08-03 14:40:20] EDIT pluralsight/views/layout.html: 35
[2018-08-03 14:40:43] EDIT pluralsight/views/default/index.html: -35
[2018-08-03 14:41:49] EDIT pluralsight/views/layout.html: -16
[2018-08-03 14:43:09] EDIT pluralsight/views/layout.html: 0
[2018-08-03 14:43:26] EDIT pluralsight/views/layout.html: 2
[2018-08-03 14:43:52] EDIT pluralsight/views/layout.html: 0
[2018-08-03 14:44:18] EDIT pluralsight/views/layout.html: 0
[2018-08-03 14:44:30] EDIT pluralsight/views/layout.html: 0
[2018-08-03 14:45:07] EDIT pluralsight/views/layout.html: 0
[2018-08-03 14:45:23] EDIT pluralsight/views/layout.html: 0
[2018-08-03 14:46:01] EDIT pluralsight/views/layout.html: 0
[2018-08-03 14:46:12] EDIT pluralsight/views/layout.html: 0
[2018-08-03 14:46:28] EDIT pluralsight/views/layout.html: 0
